  [1m[35m (1.7ms)[0m  [1m[34mSELECT sqlite_version(*)[0m
  ↳ (erb):38:in `migration_template'
  [1m[35m (0.3ms)[0m  [1m[34mSELECT sqlite_version(*)[0m
  [1m[35m (162.3ms)[0m  [1m[35mCREATE TABLE "schema_migrations" ("version" varchar NOT NULL PRIMARY KEY)[0m
  [1m[35m (154.3ms)[0m  [1m[35mCREATE TABLE "ar_internal_metadata" ("key" varchar NOT NULL PRIMARY KEY, "value" varchar, "created_at" datetime(6) NOT NULL, "updated_at" datetime(6) NOT NULL)[0m
  [1m[35m (0.2ms)[0m  [1m[34mSELECT "schema_migrations"."version" FROM "schema_migrations" ORDER BY "schema_migrations"."version" ASC[0m
Migrating to DeviseTokenAuthCreateUsers (20210420012200)
  [1m[35m (0.1ms)[0m  [1m[36mbegin transaction[0m
  [1m[35m (0.5ms)[0m  [1m[35mCREATE TABLE "users" ("id" integer PRIMARY KEY AUTOINCREMENT NOT NULL, "provider" varchar DEFAULT 'email' NOT NULL, "uid" varchar DEFAULT '' NOT NULL, "encrypted_password" varchar DEFAULT '' NOT NULL, "reset_password_token" varchar, "reset_password_sent_at" datetime, "allow_password_change" boolean DEFAULT 0, "remember_created_at" datetime, "confirmation_token" varchar, "confirmed_at" datetime, "confirmation_sent_at" datetime, "unconfirmed_email" varchar, "name" varchar, "nickname" varchar, "image" varchar, "email" varchar, "tokens" text, "created_at" datetime(6) NOT NULL, "updated_at" datetime(6) NOT NULL)[0m
  [1m[35m (0.2ms)[0m  [1m[35mCREATE UNIQUE INDEX "index_users_on_email" ON "users" ("email")[0m
  [1m[35m (0.1ms)[0m  [1m[35mCREATE UNIQUE INDEX "index_users_on_uid_and_provider" ON "users" ("uid", "provider")[0m
  [1m[35m (0.4ms)[0m  [1m[35mCREATE UNIQUE INDEX "index_users_on_reset_password_token" ON "users" ("reset_password_token")[0m
  [1m[35m (0.2ms)[0m  [1m[35mCREATE UNIQUE INDEX "index_users_on_confirmation_token" ON "users" ("confirmation_token")[0m
  [1m[36mprimary::SchemaMigration Create (0.2ms)[0m  [1m[32mINSERT INTO "schema_migrations" ("version") VALUES (?)[0m  [["version", "20210420012200"]]
  [1m[35m (192.0ms)[0m  [1m[36mcommit transaction[0m
  [1m[36mActiveRecord::InternalMetadata Load (0.6ms)[0m  [1m[34mSELECT "ar_internal_metadata".* FROM "ar_internal_metadata" WHERE "ar_internal_metadata"."key" = ? LIMIT ?[0m  [["key", "environment"], ["LIMIT", 1]]
  [1m[35m (0.1ms)[0m  [1m[36mbegin transaction[0m
  [1m[36mActiveRecord::InternalMetadata Create (0.6ms)[0m  [1m[32mINSERT INTO "ar_internal_metadata" ("key", "value", "created_at", "updated_at") VALUES (?, ?, ?, ?)[0m  [["key", "environment"], ["value", "development"], ["created_at", "2021-04-20 01:24:40.389700"], ["updated_at", "2021-04-20 01:24:40.389700"]]
  [1m[35m (88.5ms)[0m  [1m[36mcommit transaction[0m
  [1m[35m (0.2ms)[0m  [1m[34mSELECT sqlite_version(*)[0m
  [1m[35m (0.3ms)[0m  [1m[34mSELECT "schema_migrations"."version" FROM "schema_migrations" ORDER BY "schema_migrations"."version" ASC[0m
  [1m[35m (1.5ms)[0m  [1m[34mSELECT sqlite_version(*)[0m
  [1m[36mUser Load (0.4ms)[0m  [1m[34mSELECT "users".* FROM "users" LIMIT ?[0m  [["LIMIT", 11]]
  [1m[35m (0.1ms)[0m  [1m[36mbegin transaction[0m
  [1m[36mUser Exists? (0.2ms)[0m  [1m[34mSELECT 1 AS one FROM "users" WHERE LOWER("users"."email") = LOWER(?) AND "users"."provider" = ? LIMIT ?[0m  [["email", "johndoe@gmail.com"], ["provider", "email"], ["LIMIT", 1]]
  [1m[36mUser Create (0.4ms)[0m  [1m[32mINSERT INTO "users" ("uid", "encrypted_password", "name", "email", "created_at", "updated_at") VALUES (?, ?, ?, ?, ?, ?)[0m  [["uid", "johndoe@gmail.com"], ["encrypted_password", "$2a$12$kiv47Dkw8BacmvSReotQh.5Mm4q.8i32lfKiACUOvV.hpj7FkDLya"], ["name", "John Doe"], ["email", "johndoe@gmail.com"], ["created_at", "2021-04-20 02:52:13.478700"], ["updated_at", "2021-04-20 02:52:13.478700"]]
  [1m[35m (1406.3ms)[0m  [1m[36mcommit transaction[0m
Started GET "/" for ::1 at 2021-04-19 23:52:24 -0300
  [1m[35m (0.3ms)[0m  [1m[34mSELECT sqlite_version(*)[0m
  [1m[35m (0.1ms)[0m  [1m[34mSELECT "schema_migrations"."version" FROM "schema_migrations" ORDER BY "schema_migrations"."version" ASC[0m
Processing by Rails::WelcomeController#index as HTML
  Rendering /home/jose/.rvm/gems/ruby-2.7.1/gems/railties-6.0.3.6/lib/rails/templates/rails/welcome/index.html.erb
  Rendered /home/jose/.rvm/gems/ruby-2.7.1/gems/railties-6.0.3.6/lib/rails/templates/rails/welcome/index.html.erb (Duration: 8.6ms | Allocations: 406)
Completed 200 OK in 16ms (Views: 12.9ms | ActiveRecord: 0.0ms | Allocations: 2673)


Started GET "/favicon.ico" for ::1 at 2021-04-19 23:52:25 -0300
  
ActionController::RoutingError (No route matches [GET] "/favicon.ico"):
  
actionpack (6.0.3.6) lib/action_dispatch/middleware/debug_exceptions.rb:36:in `call'
actionpack (6.0.3.6) lib/action_dispatch/middleware/show_exceptions.rb:33:in `call'
railties (6.0.3.6) lib/rails/rack/logger.rb:37:in `call_app'
railties (6.0.3.6) lib/rails/rack/logger.rb:26:in `block in call'
activesupport (6.0.3.6) lib/active_support/tagged_logging.rb:80:in `block in tagged'
activesupport (6.0.3.6) lib/active_support/tagged_logging.rb:28:in `tagged'
activesupport (6.0.3.6) lib/active_support/tagged_logging.rb:80:in `tagged'
railties (6.0.3.6) lib/rails/rack/logger.rb:26:in `call'
actionpack (6.0.3.6) lib/action_dispatch/middleware/remote_ip.rb:81:in `call'
actionpack (6.0.3.6) lib/action_dispatch/middleware/request_id.rb:27:in `call'
rack (2.2.3) lib/rack/runtime.rb:22:in `call'
activesupport (6.0.3.6) lib/active_support/cache/strategy/local_cache_middleware.rb:29:in `call'
actionpack (6.0.3.6) lib/action_dispatch/middleware/executor.rb:14:in `call'
actionpack (6.0.3.6) lib/action_dispatch/middleware/static.rb:126:in `call'
rack (2.2.3) lib/rack/sendfile.rb:110:in `call'
actionpack (6.0.3.6) lib/action_dispatch/middleware/host_authorization.rb:82:in `call'
railties (6.0.3.6) lib/rails/engine.rb:527:in `call'
puma (4.3.7) lib/puma/configuration.rb:228:in `call'
puma (4.3.7) lib/puma/server.rb:713:in `handle_request'
puma (4.3.7) lib/puma/server.rb:472:in `process_client'
puma (4.3.7) lib/puma/server.rb:328:in `block in run'
puma (4.3.7) lib/puma/thread_pool.rb:134:in `block in spawn_thread'
Started GET "/users" for ::1 at 2021-04-19 23:52:29 -0300
Processing by UsersController#index as HTML
  [1m[36mUser Load (0.3ms)[0m  [1m[34mSELECT "users".* FROM "users"[0m
  ↳ app/controllers/users_controller.rb:5:in `index'
Completed 200 OK in 31ms (Views: 28.6ms | ActiveRecord: 1.6ms | Allocations: 12179)


Started GET "/users" for ::1 at 2021-04-20 00:49:41 -0300
  [1m[35m (0.1ms)[0m  [1m[34mSELECT sqlite_version(*)[0m
Processing by UsersController#index as HTML
Completed 500 Internal Server Error in 4ms (ActiveRecord: 0.0ms | Allocations: 3205)


  
NameError (uninitialized constant #<Class:0x00005608f6d42d80>::Show):
  
app/controllers/users_controller.rb:6:in `index'
Started GET "/users" for ::1 at 2021-04-20 00:49:47 -0300
Processing by UsersController#index as HTML
Completed 500 Internal Server Error in 17ms (ActiveRecord: 0.0ms | Allocations: 2509)


  
NameError (uninitialized constant #<Class:0x00005608f6d42d80>::Show):
  
app/controllers/users_controller.rb:6:in `index'
Started GET "/users" for ::1 at 2021-04-20 00:49:48 -0300
Processing by UsersController#index as HTML
Completed 500 Internal Server Error in 10ms (ActiveRecord: 0.0ms | Allocations: 2502)


  
NameError (uninitialized constant #<Class:0x00005608f6d42d80>::Show):
  
app/controllers/users_controller.rb:6:in `index'
Started GET "/users" for ::1 at 2021-04-20 00:50:06 -0300
Processing by UsersController#index as HTML
Completed 500 Internal Server Error in 5ms (ActiveRecord: 0.0ms | Allocations: 2510)


  
NameError (uninitialized constant #<Class:0x00005608f6d42d80>::Show):
  
app/controllers/users_controller.rb:6:in `index'
Started GET "/users" for ::1 at 2021-04-20 00:50:47 -0300
  [1m[35m (0.1ms)[0m  [1m[34mSELECT sqlite_version(*)[0m
Processing by UsersController#index as HTML
Completed 500 Internal Server Error in 5ms (ActiveRecord: 0.0ms | Allocations: 3654)


  
NameError (uninitialized constant #<Class:0x00005608f45666e0>::Index):
  
app/controllers/users_controller.rb:6:in `index'
Started GET "/users" for ::1 at 2021-04-20 00:50:57 -0300
  [1m[35m (0.1ms)[0m  [1m[34mSELECT sqlite_version(*)[0m
Processing by UsersController#index as HTML
Completed 500 Internal Server Error in 2ms (ActiveRecord: 0.0ms | Allocations: 1950)


  
NameError (uninitialized constant UsersController::Index):
  
app/controllers/users_controller.rb:6:in `index'
Started GET "/users" for ::1 at 2021-04-20 00:51:06 -0300
  [1m[35m (0.1ms)[0m  [1m[34mSELECT sqlite_version(*)[0m
Processing by UsersController#index as HTML
Completed 500 Internal Server Error in 4ms (ActiveRecord: 0.0ms | Allocations: 1926)


  
NameError (uninitialized constant UsersController::Serializers):
  
app/controllers/users_controller.rb:6:in `index'
Started GET "/users" for ::1 at 2021-04-20 00:52:33 -0300
Processing by UsersController#index as HTML
Completed 500 Internal Server Error in 13ms (ActiveRecord: 0.0ms | Allocations: 1847)


  
NameError (uninitialized constant UsersController::Serializers):
  
app/controllers/users_controller.rb:6:in `index'
Started GET "/users" for ::1 at 2021-04-20 00:52:33 -0300
Processing by UsersController#index as HTML
Completed 500 Internal Server Error in 10ms (ActiveRecord: 0.0ms | Allocations: 1847)


  
NameError (uninitialized constant UsersController::Serializers):
  
app/controllers/users_controller.rb:6:in `index'
Started GET "/users" for ::1 at 2021-04-20 00:52:50 -0300
  [1m[35m (0.1ms)[0m  [1m[34mSELECT sqlite_version(*)[0m
Processing by UsersController#index as HTML
Completed 500 Internal Server Error in 4ms (ActiveRecord: 0.0ms | Allocations: 3653)


  
NameError (uninitialized constant #<Class:0x00005608f6c95018>::Index):
  
app/controllers/users_controller.rb:6:in `index'
Started GET "/users" for ::1 at 2021-04-20 00:54:23 -0300
Processing by UsersController#index as HTML
Completed 500 Internal Server Error in 46ms (ActiveRecord: 0.0ms | Allocations: 2530)


  
NameError (uninitialized constant #<Class:0x00005608f6c95018>::Index):
  
app/controllers/users_controller.rb:6:in `index'
Started GET "/users" for ::1 at 2021-04-20 00:54:24 -0300
Processing by UsersController#index as HTML
Completed 500 Internal Server Error in 12ms (ActiveRecord: 0.0ms | Allocations: 2530)


  
NameError (uninitialized constant #<Class:0x00005608f6c95018>::Index):
  
app/controllers/users_controller.rb:6:in `index'
Started GET "/users" for ::1 at 2021-04-20 00:55:46 -0300
Processing by UsersController#index as HTML
Completed 500 Internal Server Error in 13ms (ActiveRecord: 0.0ms | Allocations: 2530)


  
NameError (uninitialized constant #<Class:0x00005608f6c95018>::Index):
  
app/controllers/users_controller.rb:6:in `index'
Started GET "/users" for ::1 at 2021-04-20 00:55:47 -0300
Processing by UsersController#index as HTML
Completed 500 Internal Server Error in 14ms (ActiveRecord: 0.0ms | Allocations: 2530)


  
NameError (uninitialized constant #<Class:0x00005608f6c95018>::Index):
  
app/controllers/users_controller.rb:6:in `index'
Started GET "/users" for ::1 at 2021-04-20 00:56:10 -0300
Processing by UsersController#index as HTML
Completed 500 Internal Server Error in 12ms (ActiveRecord: 0.0ms | Allocations: 2530)


  
NameError (uninitialized constant #<Class:0x00005608f6c95018>::Index):
  
app/controllers/users_controller.rb:6:in `index'
Started GET "/users" for ::1 at 2021-04-20 00:56:11 -0300
Processing by UsersController#index as HTML
Completed 500 Internal Server Error in 9ms (ActiveRecord: 0.0ms | Allocations: 2538)


  
NameError (uninitialized constant #<Class:0x00005608f6c95018>::Index):
  
app/controllers/users_controller.rb:6:in `index'
Started GET "/users" for ::1 at 2021-04-20 00:56:11 -0300
Processing by UsersController#index as HTML
Completed 500 Internal Server Error in 12ms (ActiveRecord: 0.0ms | Allocations: 2530)


  
NameError (uninitialized constant #<Class:0x00005608f6c95018>::Index):
  
app/controllers/users_controller.rb:6:in `index'
Started GET "/users" for ::1 at 2021-04-20 00:57:02 -0300
Processing by UsersController#index as HTML
Completed 500 Internal Server Error in 11ms (ActiveRecord: 0.0ms | Allocations: 2530)


  
NameError (uninitialized constant #<Class:0x00005608f6c95018>::Index):
  
app/controllers/users_controller.rb:6:in `index'
Started GET "/users" for ::1 at 2021-04-20 00:57:03 -0300
Processing by UsersController#index as HTML
Completed 500 Internal Server Error in 16ms (ActiveRecord: 0.0ms | Allocations: 2530)


  
NameError (uninitialized constant #<Class:0x00005608f6c95018>::Index):
  
app/controllers/users_controller.rb:6:in `index'
Started GET "/users" for ::1 at 2021-04-20 00:57:22 -0300
Processing by UsersController#index as HTML
Completed 500 Internal Server Error in 17ms (ActiveRecord: 0.0ms | Allocations: 2530)


  
NameError (uninitialized constant #<Class:0x00005608f6c95018>::Index):
  
app/controllers/users_controller.rb:6:in `index'
Started GET "/users" for ::1 at 2021-04-20 00:57:38 -0300
Processing by UsersController#index as HTML
Completed 500 Internal Server Error in 19ms (ActiveRecord: 0.0ms | Allocations: 2530)


  
NameError (uninitialized constant #<Class:0x00005608f6c95018>::Index):
  
app/controllers/users_controller.rb:6:in `index'
Started GET "/users" for ::1 at 2021-04-20 00:58:05 -0300
Processing by UsersController#index as HTML
Completed 500 Internal Server Error in 8ms (ActiveRecord: 0.0ms | Allocations: 2530)


  
NameError (uninitialized constant #<Class:0x00005608f6c95018>::Index):
  
app/controllers/users_controller.rb:6:in `index'
Started GET "/users" for ::1 at 2021-04-20 00:58:06 -0300
Processing by UsersController#index as HTML
Completed 500 Internal Server Error in 12ms (ActiveRecord: 0.0ms | Allocations: 2530)


  
NameError (uninitialized constant #<Class:0x00005608f6c95018>::Index):
  
app/controllers/users_controller.rb:6:in `index'
Started GET "/users" for ::1 at 2021-04-20 00:58:21 -0300
Processing by UsersController#index as HTML
Completed 500 Internal Server Error in 15ms (ActiveRecord: 0.0ms | Allocations: 2530)


  
NameError (uninitialized constant #<Class:0x00005608f6c95018>::Index):
  
app/controllers/users_controller.rb:6:in `index'
Started GET "/" for ::1 at 2021-04-20 00:58:23 -0300
Processing by Rails::WelcomeController#index as HTML
  Rendering /home/jose/.rvm/gems/ruby-2.7.1/gems/railties-6.0.3.6/lib/rails/templates/rails/welcome/index.html.erb
  Rendered /home/jose/.rvm/gems/ruby-2.7.1/gems/railties-6.0.3.6/lib/rails/templates/rails/welcome/index.html.erb (Duration: 21.4ms | Allocations: 178)
Completed 200 OK in 27ms (Views: 23.8ms | ActiveRecord: 0.0ms | Allocations: 713)


Started GET "/users" for ::1 at 2021-04-20 00:58:26 -0300
Processing by UsersController#index as HTML
Completed 500 Internal Server Error in 15ms (ActiveRecord: 0.0ms | Allocations: 2530)


  
NameError (uninitialized constant #<Class:0x00005608f6c95018>::Index):
  
app/controllers/users_controller.rb:6:in `index'
Started GET "/users" for ::1 at 2021-04-20 01:00:43 -0300
Processing by UsersController#index as HTML
Completed 500 Internal Server Error in 15ms (ActiveRecord: 0.0ms | Allocations: 2530)


  
NameError (uninitialized constant #<Class:0x00005608f6c95018>::Index):
  
app/controllers/users_controller.rb:6:in `index'
Started GET "/users" for ::1 at 2021-04-20 01:27:34 -0300
  [1m[35m (0.2ms)[0m  [1m[34mSELECT sqlite_version(*)[0m
Processing by UsersController#index as HTML
Completed 500 Internal Server Error in 10ms (ActiveRecord: 0.0ms | Allocations: 2530)


  
NameError (uninitialized constant #<Class:0x00005608f6c95018>::Index):
  
app/controllers/users_controller.rb:6:in `index'
Started GET "/users" for ::1 at 2021-04-20 02:07:56 -0300
  [1m[35m (0.4ms)[0m  [1m[34mSELECT sqlite_version(*)[0m
Processing by UsersController#index as HTML
Completed 500 Internal Server Error in 6ms (ActiveRecord: 0.0ms | Allocations: 2530)


  
NameError (uninitialized constant #<Class:0x00005608f6c95018>::Index):
  
app/controllers/users_controller.rb:6:in `index'
Started GET "/users" for ::1 at 2021-04-20 02:09:55 -0300
Processing by UsersController#index as HTML
Completed 500 Internal Server Error in 6ms (ActiveRecord: 0.0ms | Allocations: 2530)


  
NameError (uninitialized constant #<Class:0x00005608f6c95018>::Index):
  
app/controllers/users_controller.rb:6:in `index'
Started GET "/users" for ::1 at 2021-04-20 02:09:56 -0300
Processing by UsersController#index as HTML
Completed 500 Internal Server Error in 11ms (ActiveRecord: 0.0ms | Allocations: 2530)


  
NameError (uninitialized constant #<Class:0x00005608f6c95018>::Index):
  
app/controllers/users_controller.rb:6:in `index'
Started GET "/users" for ::1 at 2021-04-20 02:09:57 -0300
Processing by UsersController#index as HTML
Completed 500 Internal Server Error in 11ms (ActiveRecord: 0.0ms | Allocations: 2530)


  
NameError (uninitialized constant #<Class:0x00005608f6c95018>::Index):
  
app/controllers/users_controller.rb:6:in `index'
Started GET "/users" for ::1 at 2021-04-20 02:09:57 -0300
Processing by UsersController#index as HTML
Completed 500 Internal Server Error in 11ms (ActiveRecord: 0.0ms | Allocations: 2530)


  
NameError (uninitialized constant #<Class:0x00005608f6c95018>::Index):
  
app/controllers/users_controller.rb:6:in `index'
Started GET "/users" for ::1 at 2021-04-20 02:09:58 -0300
Processing by UsersController#index as HTML
Completed 500 Internal Server Error in 10ms (ActiveRecord: 0.0ms | Allocations: 2530)


  
NameError (uninitialized constant #<Class:0x00005608f6c95018>::Index):
  
app/controllers/users_controller.rb:6:in `index'
Started GET "/users" for ::1 at 2021-04-20 02:09:58 -0300
Processing by UsersController#index as HTML
Completed 500 Internal Server Error in 4ms (ActiveRecord: 0.0ms | Allocations: 2530)


  
NameError (uninitialized constant #<Class:0x00005608f6c95018>::Index):
  
app/controllers/users_controller.rb:6:in `index'
Started GET "/users" for ::1 at 2021-04-20 02:10:11 -0300
Processing by UsersController#index as HTML
Completed 500 Internal Server Error in 12ms (ActiveRecord: 0.0ms | Allocations: 2530)


  
NameError (uninitialized constant #<Class:0x00005608f6c95018>::Index):
  
app/controllers/users_controller.rb:6:in `index'
Started GET "/users" for ::1 at 2021-04-20 02:10:22 -0300
  [1m[35m (0.3ms)[0m  [1m[34mSELECT sqlite_version(*)[0m
  [1m[35m (0.2ms)[0m  [1m[34mSELECT "schema_migrations"."version" FROM "schema_migrations" ORDER BY "schema_migrations"."version" ASC[0m
Processing by UsersController#index as HTML
Completed 500 Internal Server Error in 4ms (ActiveRecord: 0.0ms | Allocations: 1919)


  
NameError (uninitialized constant Index):
  
app/serializers/user/index/user_serializer.rb:1:in `<main>'
app/controllers/users_controller.rb:6:in `index'
Started GET "/users" for ::1 at 2021-04-20 02:10:35 -0300
  [1m[35m (0.1ms)[0m  [1m[34mSELECT sqlite_version(*)[0m
Processing by UsersController#index as HTML
  [1m[36mUser Load (0.7ms)[0m  [1m[34mSELECT "users".* FROM "users"[0m
  ↳ app/controllers/users_controller.rb:5:in `index'
[active_model_serializers] Rendered ActiveModel::Serializer::CollectionSerializer with ActiveModelSerializers::Adapter::Attributes (0.49ms)
Completed 200 OK in 25ms (Views: 22.3ms | ActiveRecord: 1.4ms | Allocations: 13609)


Started GET "/users" for ::1 at 2021-04-20 02:11:19 -0300
Processing by UsersController#index as HTML
  [1m[36mUser Load (0.3ms)[0m  [1m[34mSELECT "users".* FROM "users"[0m
  ↳ app/controllers/users_controller.rb:5:in `index'
[active_model_serializers] Rendered ActiveModel::Serializer::CollectionSerializer with ActiveModelSerializers::Adapter::Attributes (1.35ms)
Completed 200 OK in 14ms (Views: 12.8ms | ActiveRecord: 0.3ms | Allocations: 1107)


Started GET "/users" for ::1 at 2021-04-20 02:13:08 -0300
  [1m[35m (0.7ms)[0m  [1m[34mSELECT sqlite_version(*)[0m
  [1m[35m (0.2ms)[0m  [1m[34mSELECT "schema_migrations"."version" FROM "schema_migrations" ORDER BY "schema_migrations"."version" ASC[0m
Processing by UsersController#index as HTML
  [1m[36mUser Load (0.3ms)[0m  [1m[34mSELECT "users".* FROM "users"[0m
  ↳ app/controllers/users_controller.rb:5:in `index'
[active_model_serializers] Rendered ActiveModel::Serializer::CollectionSerializer with ActiveModelSerializers::Adapter::Attributes (0.52ms)
Completed 200 OK in 24ms (Views: 20.6ms | ActiveRecord: 1.2ms | Allocations: 13365)


Started GET "/" for ::1 at 2021-04-20 02:13:10 -0300
Processing by Rails::WelcomeController#index as HTML
  Rendering /home/jose/.rvm/gems/ruby-2.7.1/gems/railties-6.0.3.6/lib/rails/templates/rails/welcome/index.html.erb
  Rendered /home/jose/.rvm/gems/ruby-2.7.1/gems/railties-6.0.3.6/lib/rails/templates/rails/welcome/index.html.erb (Duration: 19.0ms | Allocations: 294)
Completed 200 OK in 27ms (Views: 22.9ms | ActiveRecord: 0.0ms | Allocations: 1528)


Started GET "/users" for ::1 at 2021-04-20 02:13:13 -0300
Processing by UsersController#index as HTML
  [1m[36mUser Load (0.1ms)[0m  [1m[34mSELECT "users".* FROM "users"[0m
  ↳ app/controllers/users_controller.rb:5:in `index'
[active_model_serializers] Rendered ActiveModel::Serializer::CollectionSerializer with ActiveModelSerializers::Adapter::Attributes (0.45ms)
Completed 200 OK in 4ms (Views: 3.1ms | ActiveRecord: 0.1ms | Allocations: 1107)


  [1m[35m (1.7ms)[0m  [1m[34mSELECT sqlite_version(*)[0m
Started GET "/users" for ::1 at 2021-04-20 08:40:25 -0300
  [1m[35m (0.7ms)[0m  [1m[34mSELECT sqlite_version(*)[0m
  [1m[35m (0.5ms)[0m  [1m[34mSELECT "schema_migrations"."version" FROM "schema_migrations" ORDER BY "schema_migrations"."version" ASC[0m
  
AbstractController::ActionNotFound (The action 'index' could not be found for UsersController):
  
actionpack (6.0.3.6) lib/abstract_controller/base.rb:131:in `process'
actionpack (6.0.3.6) lib/action_controller/metal.rb:190:in `dispatch'
actionpack (6.0.3.6) lib/action_controller/metal.rb:254:in `dispatch'
actionpack (6.0.3.6) lib/action_dispatch/routing/route_set.rb:50:in `dispatch'
actionpack (6.0.3.6) lib/action_dispatch/routing/route_set.rb:33:in `serve'
actionpack (6.0.3.6) lib/action_dispatch/journey/router.rb:49:in `block in serve'
actionpack (6.0.3.6) lib/action_dispatch/journey/router.rb:32:in `each'
actionpack (6.0.3.6) lib/action_dispatch/journey/router.rb:32:in `serve'
actionpack (6.0.3.6) lib/action_dispatch/routing/route_set.rb:834:in `call'
warden (1.2.9) lib/warden/manager.rb:36:in `block in call'
warden (1.2.9) lib/warden/manager.rb:34:in `catch'
warden (1.2.9) lib/warden/manager.rb:34:in `call'
rack (2.2.3) lib/rack/etag.rb:27:in `call'
rack (2.2.3) lib/rack/conditional_get.rb:27:in `call'
rack (2.2.3) lib/rack/head.rb:12:in `call'
activerecord (6.0.3.6) lib/active_record/migration.rb:567:in `call'
actionpack (6.0.3.6) lib/action_dispatch/middleware/callbacks.rb:27:in `block in call'
activesupport (6.0.3.6) lib/active_support/callbacks.rb:101:in `run_callbacks'
actionpack (6.0.3.6) lib/action_dispatch/middleware/callbacks.rb:26:in `call'
actionpack (6.0.3.6) lib/action_dispatch/middleware/executor.rb:14:in `call'
actionpack (6.0.3.6) lib/action_dispatch/middleware/actionable_exceptions.rb:18:in `call'
actionpack (6.0.3.6) lib/action_dispatch/middleware/debug_exceptions.rb:32:in `call'
actionpack (6.0.3.6) lib/action_dispatch/middleware/show_exceptions.rb:33:in `call'
railties (6.0.3.6) lib/rails/rack/logger.rb:37:in `call_app'
railties (6.0.3.6) lib/rails/rack/logger.rb:26:in `block in call'
activesupport (6.0.3.6) lib/active_support/tagged_logging.rb:80:in `block in tagged'
activesupport (6.0.3.6) lib/active_support/tagged_logging.rb:28:in `tagged'
activesupport (6.0.3.6) lib/active_support/tagged_logging.rb:80:in `tagged'
railties (6.0.3.6) lib/rails/rack/logger.rb:26:in `call'
actionpack (6.0.3.6) lib/action_dispatch/middleware/remote_ip.rb:81:in `call'
actionpack (6.0.3.6) lib/action_dispatch/middleware/request_id.rb:27:in `call'
rack (2.2.3) lib/rack/runtime.rb:22:in `call'
activesupport (6.0.3.6) lib/active_support/cache/strategy/local_cache_middleware.rb:29:in `call'
actionpack (6.0.3.6) lib/action_dispatch/middleware/executor.rb:14:in `call'
actionpack (6.0.3.6) lib/action_dispatch/middleware/static.rb:126:in `call'
rack (2.2.3) lib/rack/sendfile.rb:110:in `call'
actionpack (6.0.3.6) lib/action_dispatch/middleware/host_authorization.rb:82:in `call'
railties (6.0.3.6) lib/rails/engine.rb:527:in `call'
puma (4.3.7) lib/puma/configuration.rb:228:in `call'
puma (4.3.7) lib/puma/server.rb:713:in `handle_request'
puma (4.3.7) lib/puma/server.rb:472:in `process_client'
puma (4.3.7) lib/puma/server.rb:328:in `block in run'
puma (4.3.7) lib/puma/thread_pool.rb:134:in `block in spawn_thread'
Started GET "/favicon.ico" for ::1 at 2021-04-20 08:40:27 -0300
  
ActionController::RoutingError (No route matches [GET] "/favicon.ico"):
  
actionpack (6.0.3.6) lib/action_dispatch/middleware/debug_exceptions.rb:36:in `call'
actionpack (6.0.3.6) lib/action_dispatch/middleware/show_exceptions.rb:33:in `call'
railties (6.0.3.6) lib/rails/rack/logger.rb:37:in `call_app'
railties (6.0.3.6) lib/rails/rack/logger.rb:26:in `block in call'
activesupport (6.0.3.6) lib/active_support/tagged_logging.rb:80:in `block in tagged'
activesupport (6.0.3.6) lib/active_support/tagged_logging.rb:28:in `tagged'
activesupport (6.0.3.6) lib/active_support/tagged_logging.rb:80:in `tagged'
railties (6.0.3.6) lib/rails/rack/logger.rb:26:in `call'
actionpack (6.0.3.6) lib/action_dispatch/middleware/remote_ip.rb:81:in `call'
actionpack (6.0.3.6) lib/action_dispatch/middleware/request_id.rb:27:in `call'
rack (2.2.3) lib/rack/runtime.rb:22:in `call'
activesupport (6.0.3.6) lib/active_support/cache/strategy/local_cache_middleware.rb:29:in `call'
actionpack (6.0.3.6) lib/action_dispatch/middleware/executor.rb:14:in `call'
actionpack (6.0.3.6) lib/action_dispatch/middleware/static.rb:126:in `call'
rack (2.2.3) lib/rack/sendfile.rb:110:in `call'
actionpack (6.0.3.6) lib/action_dispatch/middleware/host_authorization.rb:82:in `call'
railties (6.0.3.6) lib/rails/engine.rb:527:in `call'
puma (4.3.7) lib/puma/configuration.rb:228:in `call'
puma (4.3.7) lib/puma/server.rb:713:in `handle_request'
puma (4.3.7) lib/puma/server.rb:472:in `process_client'
puma (4.3.7) lib/puma/server.rb:328:in `block in run'
puma (4.3.7) lib/puma/thread_pool.rb:134:in `block in spawn_thread'
Started GET "/" for ::1 at 2021-04-20 08:40:44 -0300
Processing by Rails::WelcomeController#index as HTML
  Rendering /home/jose/.rvm/gems/ruby-2.7.1/gems/railties-6.0.3.6/lib/rails/templates/rails/welcome/index.html.erb
  Rendered /home/jose/.rvm/gems/ruby-2.7.1/gems/railties-6.0.3.6/lib/rails/templates/rails/welcome/index.html.erb (Duration: 26.3ms | Allocations: 183)
Completed 200 OK in 60ms (Views: 28.5ms | ActiveRecord: 0.0ms | Allocations: 856)


Started GET "/routes" for ::1 at 2021-04-20 08:44:44 -0300
  
ActionController::RoutingError (No route matches [GET] "/routes"):
  
actionpack (6.0.3.6) lib/action_dispatch/middleware/debug_exceptions.rb:36:in `call'
actionpack (6.0.3.6) lib/action_dispatch/middleware/show_exceptions.rb:33:in `call'
railties (6.0.3.6) lib/rails/rack/logger.rb:37:in `call_app'
railties (6.0.3.6) lib/rails/rack/logger.rb:26:in `block in call'
activesupport (6.0.3.6) lib/active_support/tagged_logging.rb:80:in `block in tagged'
activesupport (6.0.3.6) lib/active_support/tagged_logging.rb:28:in `tagged'
activesupport (6.0.3.6) lib/active_support/tagged_logging.rb:80:in `tagged'
railties (6.0.3.6) lib/rails/rack/logger.rb:26:in `call'
actionpack (6.0.3.6) lib/action_dispatch/middleware/remote_ip.rb:81:in `call'
actionpack (6.0.3.6) lib/action_dispatch/middleware/request_id.rb:27:in `call'
rack (2.2.3) lib/rack/runtime.rb:22:in `call'
activesupport (6.0.3.6) lib/active_support/cache/strategy/local_cache_middleware.rb:29:in `call'
actionpack (6.0.3.6) lib/action_dispatch/middleware/executor.rb:14:in `call'
actionpack (6.0.3.6) lib/action_dispatch/middleware/static.rb:126:in `call'
rack (2.2.3) lib/rack/sendfile.rb:110:in `call'
actionpack (6.0.3.6) lib/action_dispatch/middleware/host_authorization.rb:82:in `call'
railties (6.0.3.6) lib/rails/engine.rb:527:in `call'
puma (4.3.7) lib/puma/configuration.rb:228:in `call'
puma (4.3.7) lib/puma/server.rb:713:in `handle_request'
puma (4.3.7) lib/puma/server.rb:472:in `process_client'
puma (4.3.7) lib/puma/server.rb:328:in `block in run'
puma (4.3.7) lib/puma/thread_pool.rb:134:in `block in spawn_thread'
  [1m[36mUser Load (86.8ms)[0m  [1m[34mSELECT "users".* FROM "users" LIMIT ?[0m  [["LIMIT", 11]]
  [1m[36mUser Destroy (90.3ms)[0m  [1m[31mDELETE FROM "users"[0m
  [1m[36mUser Load (0.3ms)[0m  [1m[34mSELECT "users".* FROM "users" LIMIT ?[0m  [["LIMIT", 11]]
  [1m[35m (0.7ms)[0m  [1m[34mSELECT sqlite_version(*)[0m
Started GET "/" for ::1 at 2021-04-20 11:34:53 -0300
  [1m[35m (0.6ms)[0m  [1m[34mSELECT sqlite_version(*)[0m
  [1m[35m (0.1ms)[0m  [1m[34mSELECT "schema_migrations"."version" FROM "schema_migrations" ORDER BY "schema_migrations"."version" ASC[0m
Processing by Rails::WelcomeController#index as HTML
  Rendering /home/jose/.rvm/gems/ruby-2.7.1/gems/railties-6.0.3.6/lib/rails/templates/rails/welcome/index.html.erb
  Rendered /home/jose/.rvm/gems/ruby-2.7.1/gems/railties-6.0.3.6/lib/rails/templates/rails/welcome/index.html.erb (Duration: 5.4ms | Allocations: 294)
Completed 200 OK in 9ms (Views: 7.1ms | ActiveRecord: 0.0ms | Allocations: 1534)


Started GET "/registrations" for ::1 at 2021-04-20 11:35:00 -0300
  
ActionController::RoutingError (No route matches [GET] "/registrations"):
  
actionpack (6.0.3.6) lib/action_dispatch/middleware/debug_exceptions.rb:36:in `call'
actionpack (6.0.3.6) lib/action_dispatch/middleware/show_exceptions.rb:33:in `call'
railties (6.0.3.6) lib/rails/rack/logger.rb:37:in `call_app'
railties (6.0.3.6) lib/rails/rack/logger.rb:26:in `block in call'
activesupport (6.0.3.6) lib/active_support/tagged_logging.rb:80:in `block in tagged'
activesupport (6.0.3.6) lib/active_support/tagged_logging.rb:28:in `tagged'
activesupport (6.0.3.6) lib/active_support/tagged_logging.rb:80:in `tagged'
railties (6.0.3.6) lib/rails/rack/logger.rb:26:in `call'
actionpack (6.0.3.6) lib/action_dispatch/middleware/remote_ip.rb:81:in `call'
actionpack (6.0.3.6) lib/action_dispatch/middleware/request_id.rb:27:in `call'
rack (2.2.3) lib/rack/runtime.rb:22:in `call'
activesupport (6.0.3.6) lib/active_support/cache/strategy/local_cache_middleware.rb:29:in `call'
actionpack (6.0.3.6) lib/action_dispatch/middleware/executor.rb:14:in `call'
actionpack (6.0.3.6) lib/action_dispatch/middleware/static.rb:126:in `call'
rack (2.2.3) lib/rack/sendfile.rb:110:in `call'
actionpack (6.0.3.6) lib/action_dispatch/middleware/host_authorization.rb:82:in `call'
railties (6.0.3.6) lib/rails/engine.rb:527:in `call'
puma (4.3.7) lib/puma/configuration.rb:228:in `call'
puma (4.3.7) lib/puma/server.rb:713:in `handle_request'
puma (4.3.7) lib/puma/server.rb:472:in `process_client'
puma (4.3.7) lib/puma/server.rb:328:in `block in run'
puma (4.3.7) lib/puma/thread_pool.rb:134:in `block in spawn_thread'
